#
# There is insufficient memory for the Java Runtime Environment to continue.
# Native memory allocation (malloc) failed to allocate 772896 bytes for Chunk::new
# Possible reasons:
#   The system is out of physical RAM or swap space
#   In 32 bit mode, the process size limit was hit
# Possible solutions:
#   Reduce memory load on the system
#   Increase physical memory or swap space
#   Check if swap backing store is full
#   Use 64 bit Java on a 64 bit OS
#   Decrease Java heap size (-Xmx/-Xms)
#   Decrease number of Java threads
#   Decrease Java thread stack sizes (-Xss)
#   Set larger code cache with -XX:ReservedCodeCacheSize=
# This output file may be truncated or incomplete.
#
#  Out of Memory Error (allocation.cpp:390), pid=204, tid=0x0000000000001e04
#
# JRE version: Java(TM) SE Runtime Environment (8.0_131-b11) (build 1.8.0_131-b11)
# Java VM: Java HotSpot(TM) 64-Bit Server VM (25.131-b11 mixed mode windows-amd64 compressed oops)
# Failed to write core dump. Minidumps are not enabled by default on client versions of Windows
#

---------------  T H R E A D  ---------------

Current thread (0x0000000017a5a000):  JavaThread "C2 CompilerThread0" daemon [_thread_in_native, id=7684, stack(0x0000000019350000,0x0000000019450000)]

Stack: [0x0000000019350000,0x0000000019450000]
[error occurred during error reporting (printing stack bounds), id 0xc0000005]

Native frames: (J=compiled Java code, j=interpreted, Vv=VM code, C=native code)


Current CompileTask:
C2:  36970 11060       4       org.eclipse.jdt.internal.compiler.lookup.BinaryTypeBinding::createMethod (1473 bytes)


---------------  P R O C E S S  ---------------

Java Threads: ( => current thread )
  0x000000001f3bd800 JavaThread "pool-3-thread-4" [_thread_blocked, id=8132, stack(0x0000000023fa0000,0x00000000240a0000)]
  0x000000001f3be800 JavaThread "pool-3-thread-3" [_thread_blocked, id=7784, stack(0x00000000209e0000,0x0000000020ae0000)]
  0x000000001f3bf000 JavaThread "pool-3-thread-2" [_thread_blocked, id=7384, stack(0x0000000020410000,0x0000000020510000)]
  0x000000001f3ba800 JavaThread "pool-3-thread-1" [_thread_blocked, id=5144, stack(0x000000001f120000,0x000000001f220000)]
  0x000000001f3b9000 JavaThread "File lock request listener" [_thread_in_native, id=7548, stack(0x000000001f020000,0x000000001f120000)]
  0x000000001adc7000 JavaThread "pool-1-thread-1" [_thread_blocked, id=7272, stack(0x000000001a110000,0x000000001a210000)]
  0x0000000018de0000 JavaThread "Service Thread" daemon [_thread_blocked, id=4648, stack(0x0000000019650000,0x0000000019750000)]
  0x0000000018d7a000 JavaThread "C1 CompilerThread2" daemon [_thread_blocked, id=8064, stack(0x0000000019550000,0x0000000019650000)]
  0x0000000017a5e000 JavaThread "C2 CompilerThread1" daemon [_thread_in_native, id=1896, stack(0x0000000019450000,0x0000000019550000)]
=>0x0000000017a5a000 JavaThread "C2 CompilerThread0" daemon [_thread_in_native, id=7684, stack(0x0000000019350000,0x0000000019450000)]
  0x0000000018d58800 JavaThread "Attach Listener" daemon [_thread_blocked, id=6200, stack(0x0000000019250000,0x0000000019350000)]
  0x0000000017a0e800 JavaThread "Signal Dispatcher" daemon [_thread_blocked, id=396, stack(0x0000000019150000,0x0000000019250000)]
  0x0000000002eab000 JavaThread "Finalizer" daemon [_thread_blocked, id=5396, stack(0x0000000018c50000,0x0000000018d50000)]
  0x00000000179c9000 JavaThread "Reference Handler" daemon [_thread_blocked, id=6236, stack(0x0000000018b50000,0x0000000018c50000)]
  0x0000000002dae000 JavaThread "main" [_thread_in_native, id=6600, stack(0x0000000002ca0000,0x0000000002da0000)]

Other Threads:
  0x00000000179c7800 VMThread [stack: 0x0000000018a50000,0x0000000018b50000] [id=6796]
  0x0000000018e28000 WatcherThread [stack: 0x0000000019750000,0x0000000019850000] [id=7820]

VM state:not at safepoint (normal execution)

VM Mutex/Monitor currently owned by a thread: None

Heap:
 PSYoungGen      total 208384K, used 86377K [0x00000000d5d80000, 0x00000000e6900000, 0x0000000100000000)
  eden space 180224K, 39% used [0x00000000d5d80000,0x00000000da381c50,0x00000000e0d80000)
  from space 28160K, 52% used [0x00000000e0d80000,0x00000000e1bd8940,0x00000000e2900000)
  to   space 27136K, 0% used [0x00000000e4e80000,0x00000000e4e80000,0x00000000e6900000)
 ParOldGen       total 104448K, used 47645K [0x0000000081800000, 0x0000000087e00000, 0x00000000d5d80000)
  object space 104448K, 45% used [0x0000000081800000,0x00000000846876f8,0x0000000087e00000)
 Metaspace       used 70506K, capacity 72268K, committed 72448K, reserved 1112064K
  class space    used 8972K, capacity 9367K, committed 9472K, reserved 1048576K

Card table byte_map: [0x0000000012270000,0x0000000012670000] byte_map_base: 0x0000000011e64000

Marking Bits: (ParMarkBitMap*) 0x000000006beec720
 Begin Bits: [0x0000000012d20000, 0x0000000014cc0000)
 End Bits:   [0x0000000014cc0000, 0x0000000016c60000)

Polling page: 0x0000000000fe0000

CodeCache: size=245760Kb used=34655Kb max_used=34664Kb free=211104Kb
 bounds [0x0000000002eb0000, 0x00000000050b0000, 0x0000000011eb0000]
 total_blobs=10672 nmethods=9849 adapters=733
 compilation: enabled

Compilation events (10 events):
Event: 36.873 Thread 0x0000000018d7a000 11197       3       org.eclipse.jdt.internal.compiler.lookup.FieldBinding::isUsed (22 bytes)
Event: 36.873 Thread 0x0000000018d7a000 nmethod 11197 0x0000000005084a50 code [0x0000000005084ba0, 0x0000000005084d90]
Event: 36.873 Thread 0x0000000018d7a000 11198       3       org.eclipse.jdt.internal.compiler.flow.UnconditionalFlowInfo::markAsDefinitelyAssigned (16 bytes)
Event: 36.874 Thread 0x0000000018d7a000 nmethod 11198 0x0000000005084e10 code [0x0000000005084f80, 0x0000000005085168]
Event: 36.874 Thread 0x0000000018d7a000 11202       3       org.eclipse.jdt.internal.compiler.ast.Javadoc::resolve (894 bytes)
Event: 36.879 Thread 0x0000000018d7a000 nmethod 11202 0x0000000005085250 code [0x0000000005085920, 0x000000000508b058]
Event: 36.879 Thread 0x0000000018d7a000 11204       3       org.eclipse.jdt.internal.compiler.flow.FlowInfo::<init> (5 bytes)
Event: 36.880 Thread 0x0000000018d7a000 nmethod 11204 0x000000000508e250 code [0x000000000508e3a0, 0x000000000508e550]
Event: 36.880 Thread 0x0000000018d7a000 11194       1       org.eclipse.jdt.internal.compiler.lookup.MethodBinding::kind (3 bytes)
Event: 36.880 Thread 0x0000000018d7a000 nmethod 11194 0x000000000508e610 code [0x000000000508e760, 0x000000000508e870]

GC Heap History (10 events):
Event: 23.856 GC heap before
{Heap before GC invocations=12 (full 2):
 PSYoungGen      total 140288K, used 140268K [0x00000000d5d80000, 0x00000000e1480000, 0x0000000100000000)
  eden space 128000K, 100% used [0x00000000d5d80000,0x00000000dda80000,0x00000000dda80000)
  from space 12288K, 99% used [0x00000000dda80000,0x00000000de67b250,0x00000000de680000)
  to   space 16384K, 0% used [0x00000000e0480000,0x00000000e0480000,0x00000000e1480000)
 ParOldGen       total 104448K, used 25344K [0x0000000081800000, 0x0000000087e00000, 0x00000000d5d80000)
  object space 104448K, 24% used [0x0000000081800000,0x00000000830c0058,0x0000000087e00000)
 Metaspace       used 54376K, capacity 55800K, committed 56064K, reserved 1097728K
  class space    used 7272K, capacity 7590K, committed 7680K, reserved 1048576K
Event: 23.891 GC heap after
Heap after GC invocations=12 (full 2):
 PSYoungGen      total 166912K, used 16352K [0x00000000d5d80000, 0x00000000e1e80000, 0x0000000100000000)
  eden space 150528K, 0% used [0x00000000d5d80000,0x00000000d5d80000,0x00000000df080000)
  from space 16384K, 99% used [0x00000000e0480000,0x00000000e1478228,0x00000000e1480000)
  to   space 20480K, 0% used [0x00000000df080000,0x00000000df080000,0x00000000e0480000)
 ParOldGen       total 104448K, used 31647K [0x0000000081800000, 0x0000000087e00000, 0x00000000d5d80000)
  object space 104448K, 30% used [0x0000000081800000,0x00000000836e7c00,0x0000000087e00000)
 Metaspace       used 54376K, capacity 55800K, committed 56064K, reserved 1097728K
  class space    used 7272K, capacity 7590K, committed 7680K, reserved 1048576K
}
Event: 28.589 GC heap before
{Heap before GC invocations=13 (full 2):
 PSYoungGen      total 166912K, used 166880K [0x00000000d5d80000, 0x00000000e1e80000, 0x0000000100000000)
  eden space 150528K, 100% used [0x00000000d5d80000,0x00000000df080000,0x00000000df080000)
  from space 16384K, 99% used [0x00000000e0480000,0x00000000e1478228,0x00000000e1480000)
  to   space 20480K, 0% used [0x00000000df080000,0x00000000df080000,0x00000000e0480000)
 ParOldGen       total 104448K, used 31647K [0x0000000081800000, 0x0000000087e00000, 0x00000000d5d80000)
  object space 104448K, 30% used [0x0000000081800000,0x00000000836e7c00,0x0000000087e00000)
 Metaspace       used 56880K, capacity 58546K, committed 58624K, reserved 1099776K
  class space    used 7555K, capacity 7904K, committed 7936K, reserved 1048576K
Event: 28.619 GC heap after
Heap after GC invocations=13 (full 2):
 PSYoungGen      total 171008K, used 20448K [0x00000000d5d80000, 0x00000000e4280000, 0x0000000100000000)
  eden space 150528K, 0% used [0x00000000d5d80000,0x00000000d5d80000,0x00000000df080000)
  from space 20480K, 99% used [0x00000000df080000,0x00000000e04781f8,0x00000000e0480000)
  to   space 26112K, 0% used [0x00000000e2900000,0x00000000e2900000,0x00000000e4280000)
 ParOldGen       total 104448K, used 39069K [0x0000000081800000, 0x0000000087e00000, 0x00000000d5d80000)
  object space 104448K, 37% used [0x0000000081800000,0x0000000083e274b8,0x0000000087e00000)
 Metaspace       used 56880K, capacity 58546K, committed 58624K, reserved 1099776K
  class space    used 7555K, capacity 7904K, committed 7936K, reserved 1048576K
}
Event: 29.817 GC heap before
{Heap before GC invocations=14 (full 2):
 PSYoungGen      total 171008K, used 38514K [0x00000000d5d80000, 0x00000000e4280000, 0x0000000100000000)
  eden space 150528K, 12% used [0x00000000d5d80000,0x00000000d6f248f8,0x00000000df080000)
  from space 20480K, 99% used [0x00000000df080000,0x00000000e04781f8,0x00000000e0480000)
  to   space 26112K, 0% used [0x00000000e2900000,0x00000000e2900000,0x00000000e4280000)
 ParOldGen       total 104448K, used 39069K [0x0000000081800000, 0x0000000087e00000, 0x00000000d5d80000)
  object space 104448K, 37% used [0x0000000081800000,0x0000000083e274b8,0x0000000087e00000)
 Metaspace       used 57361K, capacity 59064K, committed 59160K, reserved 1099776K
  class space    used 7607K, capacity 8007K, committed 8064K, reserved 1048576K
Event: 29.838 GC heap after
Heap after GC invocations=14 (full 2):
 PSYoungGen      total 206336K, used 21493K [0x00000000d5d80000, 0x00000000e4a80000, 0x0000000100000000)
  eden space 180224K, 0% used [0x00000000d5d80000,0x00000000d5d80000,0x00000000e0d80000)
  from space 26112K, 82% used [0x00000000e2900000,0x00000000e3dfd638,0x00000000e4280000)
  to   space 28160K, 0% used [0x00000000e0d80000,0x00000000e0d80000,0x00000000e2900000)
 ParOldGen       total 104448K, used 39077K [0x0000000081800000, 0x0000000087e00000, 0x00000000d5d80000)
  object space 104448K, 37% used [0x0000000081800000,0x0000000083e294b8,0x0000000087e00000)
 Metaspace       used 57361K, capacity 59064K, committed 59160K, reserved 1099776K
  class space    used 7607K, capacity 8007K, committed 8064K, reserved 1048576K
}
Event: 29.838 GC heap before
{Heap before GC invocations=15 (full 3):
 PSYoungGen      total 206336K, used 21493K [0x00000000d5d80000, 0x00000000e4a80000, 0x0000000100000000)
  eden space 180224K, 0% used [0x00000000d5d80000,0x00000000d5d80000,0x00000000e0d80000)
  from space 26112K, 82% used [0x00000000e2900000,0x00000000e3dfd638,0x00000000e4280000)
  to   space 28160K, 0% used [0x00000000e0d80000,0x00000000e0d80000,0x00000000e2900000)
 ParOldGen       total 104448K, used 39077K [0x0000000081800000, 0x0000000087e00000, 0x00000000d5d80000)
  object space 104448K, 37% used [0x0000000081800000,0x0000000083e294b8,0x0000000087e00000)
 Metaspace       used 57361K, capacity 59064K, committed 59160K, reserved 1099776K
  class space    used 7607K, capacity 8007K, committed 8064K, reserved 1048576K
Event: 30.085 GC heap after
Heap after GC invocations=15 (full 3):
 PSYoungGen      total 206336K, used 0K [0x00000000d5d80000, 0x00000000e4a80000, 0x0000000100000000)
  eden space 180224K, 0% used [0x00000000d5d80000,0x00000000d5d80000,0x00000000e0d80000)
  from space 26112K, 0% used [0x00000000e2900000,0x00000000e2900000,0x00000000e4280000)
  to   space 28160K, 0% used [0x00000000e0d80000,0x00000000e0d80000,0x00000000e2900000)
 ParOldGen       total 104448K, used 47637K [0x0000000081800000, 0x0000000087e00000, 0x00000000d5d80000)
  object space 104448K, 45% used [0x0000000081800000,0x00000000846856f8,0x0000000087e00000)
 Metaspace       used 57361K, capacity 59064K, committed 59160K, reserved 1099776K
  class space    used 7607K, capacity 8007K, committed 8064K, reserved 1048576K
}
Event: 36.053 GC heap before
{Heap before GC invocations=16 (full 3):
 PSYoungGen      total 206336K, used 180224K [0x00000000d5d80000, 0x00000000e4a80000, 0x0000000100000000)
  eden space 180224K, 100% used [0x00000000d5d80000,0x00000000e0d80000,0x00000000e0d80000)
  from space 26112K, 0% used [0x00000000e2900000,0x00000000e2900000,0x00000000e4280000)
  to   space 28160K, 0% used [0x00000000e0d80000,0x00000000e0d80000,0x00000000e2900000)
 ParOldGen       total 104448K, used 47637K [0x0000000081800000, 0x0000000087e00000, 0x00000000d5d80000)
  object space 104448K, 45% used [0x0000000081800000,0x00000000846856f8,0x0000000087e00000)
 Metaspace       used 64687K, capacity 66374K, committed 66560K, reserved 1107968K
  class space    used 8485K, capacity 8854K, committed 8960K, reserved 1048576K
Event: 36.067 GC heap after
Heap after GC invocations=16 (full 3):
 PSYoungGen      total 208384K, used 14690K [0x00000000d5d80000, 0x00000000e6900000, 0x0000000100000000)
  eden space 180224K, 0% used [0x00000000d5d80000,0x00000000d5d80000,0x00000000e0d80000)
  from space 28160K, 52% used [0x00000000e0d80000,0x00000000e1bd8940,0x00000000e2900000)
  to   space 27136K, 0% used [0x00000000e4e80000,0x00000000e4e80000,0x00000000e6900000)
 ParOldGen       total 104448K, used 47645K [0x0000000081800000, 0x0000000087e00000, 0x00000000d5d80000)
  object space 104448K, 45% used [0x0000000081800000,0x00000000846876f8,0x0000000087e00000)
 Metaspace       used 64687K, capacity 66374K, committed 66560K, reserved 1107968K
  class space    used 8485K, capacity 8854K, committed 8960K, reserved 1048576K
}

Deoptimization events (10 events):
Event: 36.513 Thread 0x0000000002dae000 Uncommon trap: reason=unstable_if action=reinterpret pc=0x000000000369eb9c method=java.util.zip.ZipFile$ZipEntryIterator.hasNext()Z @ 25
Event: 36.550 Thread 0x0000000002dae000 Uncommon trap: reason=unstable_if action=reinterpret pc=0x0000000004f2111c method=org.eclipse.jdt.internal.compiler.parser.ScannerHelper.digit(CI)I @ 85
Event: 36.550 Thread 0x0000000002dae000 Uncommon trap: reason=unstable_if action=reinterpret pc=0x0000000004f1dfe0 method=org.eclipse.jdt.internal.compiler.parser.ScannerHelper.digit(CI)I @ 85
Event: 36.595 Thread 0x0000000002dae000 Uncommon trap: reason=unstable_if action=reinterpret pc=0x0000000004227844 method=java.io.BufferedInputStream.read([BII)I @ 31
Event: 36.644 Thread 0x0000000002dae000 Uncommon trap: reason=unstable_if action=reinterpret pc=0x0000000004f50e88 method=org.eclipse.jdt.internal.compiler.parser.ScannerHelper.digit(CI)I @ 66
Event: 36.644 Thread 0x0000000002dae000 Uncommon trap: reason=unstable_if action=reinterpret pc=0x0000000004f5b920 method=org.eclipse.jdt.internal.compiler.parser.ScannerHelper.digit(CI)I @ 66
Event: 36.646 Thread 0x0000000002dae000 Uncommon trap: reason=bimorphic action=maybe_recompile pc=0x000000000306aed0 method=java.io.BufferedInputStream.read1([BII)I @ 39
Event: 36.653 Thread 0x0000000002dae000 Uncommon trap: reason=bimorphic action=maybe_recompile pc=0x000000000306aed0 method=java.io.BufferedInputStream.read1([BII)I @ 39
Event: 36.755 Thread 0x0000000002dae000 Uncommon trap: reason=class_check action=maybe_recompile pc=0x0000000004fd0c54 method=org.eclipse.jdt.internal.compiler.parser.Parser.consumeExitVariableWithInitialization()V @ 19
Event: 36.919 Thread 0x0000000002dae000 Uncommon trap: reason=unstable_if action=reinterpret pc=0x0000000004a4d8bc method=java.lang.String.split(Ljava/lang/String;I)[Ljava/lang/String; @ 32

Internal exceptions (10 events):
Event: 36.525 Thread 0x0000000002dae000 Exception <a 'java/lang/ArrayIndexOutOfBoundsException': 1655> (0x00000000d8df72f0) thrown at [C:\re\workspace\8-2-build-windows-amd64-cygwin\jdk8u131\8869\hotspot\src\share\vm\interpreter\interpreterRuntime.cpp, line 366]
Event: 36.555 Thread 0x0000000002dae000 Exception <a 'java/lang/ArrayIndexOutOfBoundsException'> (0x00000000d8ea0a40) thrown at [C:\re\workspace\8-2-build-windows-amd64-cygwin\jdk8u131\8869\hotspot\src\share\vm\runtime\sharedRuntime.cpp, line 605]
Event: 36.558 Thread 0x0000000002dae000 Exception <a 'java/lang/ArrayIndexOutOfBoundsException'> (0x00000000d8eaccb8) thrown at [C:\re\workspace\8-2-build-windows-amd64-cygwin\jdk8u131\8869\hotspot\src\share\vm\runtime\sharedRuntime.cpp, line 605]
Event: 36.559 Thread 0x0000000002dae000 Exception <a 'java/lang/ArrayIndexOutOfBoundsException'> (0x00000000d8eb60e8) thrown at [C:\re\workspace\8-2-build-windows-amd64-cygwin\jdk8u131\8869\hotspot\src\share\vm\runtime\sharedRuntime.cpp, line 605]
Event: 36.560 Thread 0x0000000002dae000 Exception <a 'java/lang/ArrayIndexOutOfBoundsException'> (0x00000000d8eba998) thrown at [C:\re\workspace\8-2-build-windows-amd64-cygwin\jdk8u131\8869\hotspot\src\share\vm\runtime\sharedRuntime.cpp, line 605]
Event: 36.572 Thread 0x0000000002dae000 Exception <a 'java/lang/ArrayIndexOutOfBoundsException'> (0x00000000d8f2aec8) thrown at [C:\re\workspace\8-2-build-windows-amd64-cygwin\jdk8u131\8869\hotspot\src\share\vm\runtime\sharedRuntime.cpp, line 605]
Event: 36.573 Thread 0x0000000002dae000 Exception <a 'java/lang/ArrayIndexOutOfBoundsException'> (0x00000000d8f30ab8) thrown at [C:\re\workspace\8-2-build-windows-amd64-cygwin\jdk8u131\8869\hotspot\src\share\vm\runtime\sharedRuntime.cpp, line 605]
Event: 36.593 Thread 0x0000000002dae000 Exception <a 'java/lang/ArrayIndexOutOfBoundsException'> (0x00000000d9262b70) thrown at [C:\re\workspace\8-2-build-windows-amd64-cygwin\jdk8u131\8869\hotspot\src\share\vm\runtime\sharedRuntime.cpp, line 605]
Event: 36.594 Thread 0x0000000002dae000 Exception <a 'java/lang/ArrayIndexOutOfBoundsException'> (0x00000000d926d5b8) thrown at [C:\re\workspace\8-2-build-windows-amd64-cygwin\jdk8u131\8869\hotspot\src\share\vm\runtime\sharedRuntime.cpp, line 605]
Event: 36.594 Thread 0x0000000002dae000 Exception <a 'java/lang/ArrayIndexOutOfBoundsException'> (0x00000000d926f120) thrown at [C:\re\workspace\8-2-build-windows-amd64-cygwin\jdk8u131\8869\hotspot\src\share\vm\runtime\sharedRuntime.cpp, line 605]

Events (10 events):
Event: 36.927 loading class com/intellij/util/ReflectionUtil
Event: 36.927 loading class com/intellij/util/ReflectionUtil done
Event: 36.927 loading class com/intellij/openapi/util/Condition
Event: 36.927 loading class com/intellij/openapi/util/Condition done
Event: 36.928 loading class com/intellij/util/ReflectionUtil$2
Event: 36.928 loading class com/intellij/util/ReflectionUtil$2 done
Event: 36.928 loading class com/intellij/util/containers/ConcurrentHashMap$CounterCell
Event: 36.928 loading class com/intellij/util/containers/ConcurrentHashMap$CounterCell done
Event: 36.928 loading class com/intellij/util/containers/ConcurrentIntObjectHashMap$ValuesView
Event: 36.928 loading class com/intellij/util/containers/ConcurrentIntObjectHashMap$ValuesView done


Dynamic libraries:
0x00007ff678b90000 - 0x00007ff678bc7000 	C:\Program Files\Java\jdk1.8.0_131\bin\java.exe
0x00007ffb3bf80000 - 0x00007ffb3c12d000 	C:\Windows\SYSTEM32\ntdll.dll
0x00007ffb3b9b0000 - 0x00007ffb3baee000 	C:\Windows\system32\KERNEL32.DLL
0x00007ffb39430000 - 0x00007ffb39545000 	C:\Windows\system32\KERNELBASE.dll
0x00007ffb37c70000 - 0x00007ffb37cfe000 	C:\Windows\system32\apphelp.dll
0x00007ffb15680000 - 0x00007ffb156d3000 	C:\Windows\AppPatch\AppPatch64\AcGenral.DLL
0x00007ffb3bba0000 - 0x00007ffb3bc4a000 	C:\Windows\system32\msvcrt.dll
0x00007ffb393b0000 - 0x00007ffb393de000 	C:\Windows\system32\SspiCli.dll
0x00007ffb39600000 - 0x00007ffb39654000 	C:\Windows\system32\SHLWAPI.dll
0x00007ffb3bd10000 - 0x00007ffb3be87000 	C:\Windows\system32\USER32.dll
0x00007ffb39ee0000 - 0x00007ffb3a074000 	C:\Windows\system32\ole32.dll
0x00007ffb3a0a0000 - 0x00007ffb3b5c8000 	C:\Windows\system32\SHELL32.dll
0x00007ffb386f0000 - 0x00007ffb38711000 	C:\Windows\SYSTEM32\USERENV.dll
0x00007ffb3baf0000 - 0x00007ffb3bb9a000 	C:\Windows\system32\ADVAPI32.dll
0x00007ffb32820000 - 0x00007ffb3283e000 	C:\Windows\SYSTEM32\MPR.dll
0x00007ffb396c0000 - 0x00007ffb39800000 	C:\Windows\system32\RPCRT4.dll
0x00007ffb39c40000 - 0x00007ffb39c99000 	C:\Windows\SYSTEM32\sechost.dll
0x00007ffb3b790000 - 0x00007ffb3b9a1000 	C:\Windows\SYSTEM32\combase.dll
0x00007ffb3b5d0000 - 0x00007ffb3b71f000 	C:\Windows\system32\GDI32.dll
0x00007ffb390a0000 - 0x00007ffb390b5000 	C:\Windows\SYSTEM32\profapi.dll
0x00007ffb36d80000 - 0x00007ffb36e32000 	C:\Windows\SYSTEM32\SHCORE.dll
0x00007ffb39ba0000 - 0x00007ffb39bd6000 	C:\Windows\system32\IMM32.DLL
0x00007ffb39d80000 - 0x00007ffb39ed2000 	C:\Windows\system32\MSCTF.dll
0x00007ffb35ad0000 - 0x00007ffb35d4b000 	C:\Windows\WinSxS\amd64_microsoft.windows.common-controls_6595b64144ccf1df_6.0.9600.18006_none_623f33d3ecbe86e8\COMCTL32.dll
0x000000006bf70000 - 0x000000006c042000 	C:\Program Files\Java\jdk1.8.0_131\jre\bin\msvcr100.dll
0x000000006b6d0000 - 0x000000006bf6c000 	C:\Program Files\Java\jdk1.8.0_131\jre\bin\server\jvm.dll
0x00007ffb328a0000 - 0x00007ffb328a9000 	C:\Windows\SYSTEM32\WSOCK32.dll
0x00007ffb2ae10000 - 0x00007ffb2ae32000 	C:\Windows\SYSTEM32\WINMM.dll
0x00007ffb2c260000 - 0x00007ffb2c26a000 	C:\Windows\SYSTEM32\VERSION.dll
0x00007ffb3bf50000 - 0x00007ffb3bf57000 	C:\Windows\system32\PSAPI.DLL
0x00007ffb39be0000 - 0x00007ffb39c3a000 	C:\Windows\system32\WS2_32.dll
0x00007ffb2aca0000 - 0x00007ffb2acca000 	C:\Windows\SYSTEM32\WINMMBASE.dll
0x00007ffb3bf60000 - 0x00007ffb3bf69000 	C:\Windows\system32\NSI.dll
0x00007ffb393e0000 - 0x00007ffb3942f000 	C:\Windows\SYSTEM32\cfgmgr32.dll
0x00007ffb37ed0000 - 0x00007ffb37ef8000 	C:\Windows\SYSTEM32\DEVOBJ.dll
0x000000006b6c0000 - 0x000000006b6cf000 	C:\Program Files\Java\jdk1.8.0_131\jre\bin\verify.dll
0x000000006b690000 - 0x000000006b6b9000 	C:\Program Files\Java\jdk1.8.0_131\jre\bin\java.dll
0x000000006b670000 - 0x000000006b686000 	C:\Program Files\Java\jdk1.8.0_131\jre\bin\zip.dll
0x000000006b650000 - 0x000000006b66a000 	C:\Program Files\Java\jdk1.8.0_131\jre\bin\net.dll
0x00007ffb389b0000 - 0x00007ffb38a09000 	C:\Windows\system32\mswsock.dll
0x000000006b630000 - 0x000000006b641000 	C:\Program Files\Java\jdk1.8.0_131\jre\bin\nio.dll
0x00007ffb20080000 - 0x00007ffb20092000 	C:\Users\Admin\.gradle\native\19\windows-amd64\native-platform.dll
0x0000000180000000 - 0x0000000180037000 	C:\Users\Admin\.gradle\native\jna\win32-amd64\jnidispatch.dll
0x00007ffb38a10000 - 0x00007ffb38a30000 	C:\Windows\SYSTEM32\CRYPTSP.dll
0x00007ffb385e0000 - 0x00007ffb38616000 	C:\Windows\system32\rsaenh.dll
0x00007ffb38c60000 - 0x00007ffb38c86000 	C:\Windows\SYSTEM32\bcrypt.dll
0x00007ffb38f70000 - 0x00007ffb38fd3000 	C:\Windows\system32\bcryptprimitives.dll
0x00007ffb38fe0000 - 0x00007ffb38feb000 	C:\Windows\SYSTEM32\CRYPTBASE.dll
0x00007ffb33f80000 - 0x00007ffb33faa000 	C:\Windows\SYSTEM32\IPHLPAPI.DLL
0x00007ffb33ff0000 - 0x00007ffb33ffa000 	C:\Windows\SYSTEM32\WINNSI.DLL
0x00007ffb33c60000 - 0x00007ffb33c76000 	C:\Windows\SYSTEM32\dhcpcsvc6.DLL
0x00007ffb33c80000 - 0x00007ffb33c9a000 	C:\Windows\SYSTEM32\dhcpcsvc.DLL
0x000000006b620000 - 0x000000006b62d000 	C:\Program Files\Java\jdk1.8.0_131\jre\bin\management.dll
0x000000006b5f0000 - 0x000000006b614000 	C:\Program Files\Java\jdk1.8.0_131\jre\bin\sunec.dll
0x00007ffb387b0000 - 0x00007ffb38854000 	C:\Windows\SYSTEM32\DNSAPI.dll
0x00007ffb31a40000 - 0x00007ffb31a4a000 	C:\Windows\System32\rasadhlp.dll
0x00007ffb33b30000 - 0x00007ffb33b9b000 	C:\Windows\System32\fwpuclnt.dll
0x000000006b5e0000 - 0x000000006b5eb000 	C:\Program Files\Java\jdk1.8.0_131\jre\bin\sunmscapi.dll
0x00007ffb391d0000 - 0x00007ffb393af000 	C:\Windows\system32\CRYPT32.dll
0x00007ffb39150000 - 0x00007ffb39161000 	C:\Windows\system32\MSASN1.dll

VM Arguments:
jvm_args: -Dorg.gradle.appname=gradlew 
java_command: org.gradle.wrapper.GradleWrapperMain installDebug
java_class_path (initial): F:\React Native test\WeiXinRecord\android\\gradle\wrapper\gradle-wrapper.jar
Launcher Type: SUN_STANDARD

Environment Variables:
JAVA_HOME=C:\Program Files\Java\jdk1.8.0_131
CLASSPATH=F:\React Native test\WeiXinRecord\android\\gradle\wrapper\gradle-wrapper.jar
PATH=C:\ProgramData\Oracle\Java\javapath;C:\Program Files (x86)\Intel\iCLS Client\;C:\Program Files\Intel\iCLS Client\;C:\Windows\system32;C:\Windows;C:\Windows\System32\Wbem;C:\Windows\System32\WindowsPowerShell\v1.0\;C:\Program Files\Intel\Intel(R) Management Engine Components\DAL;C:\Program Files\Intel\Intel(R) Management Engine Components\IPT;C:\Program Files (x86)\Intel\Intel(R) Management Engine Components\DAL;C:\Program Files (x86)\Intel\Intel(R) Management Engine Components\IPT;D:\Program Files\TortoiseSVN\bin;D:\QuickStart;C:\Program Files\Java\jdk1.8.0_131\bin;C:\Program Files\Java\jdk1.8.0_131\jre\bin;C:\Users\Admin\AppData\Local\Android\Sdk;C:\Users\Admin\AppData\Local\Android\Sdk\platforms;C:\Users\Admin\AppData\Local\Android\Sdk\platform-tools;C:\Users\Admin\AppData\Local\Android\Sdk\tools;C:\Users\Admin\AppData\Local\Android\Sdk;C:\Users\Admin\AppData\Local\Android\Sdk\platforms;C:\Users\Admin\AppData\Local\Android\Sdk\platform-tools;C:\Users\Admin\AppData\Local\Android\Sdk\tools;D:\python;C:\Program Files\nodejs\;C:\Users\Admin\AppData\Roaming\npm
USERNAME=Admin
OS=Windows_NT
PROCESSOR_IDENTIFIER=Intel64 Family 6 Model 60 Stepping 3, GenuineIntel



---------------  S Y S T E M  ---------------

OS: Windows 8.1 , 64 bit Build 9600 (6.3.9600.17415)

CPU:total 4 (initial active 4) (2 cores per cpu, 2 threads per core) family 6 model 60 stepping 3, cmov, cx8, fxsr, mmx, sse, sse2, sse3, ssse3, sse4.1, sse4.2, popcnt, avx, avx2, aes, clmul, erms, lzcnt, ht, tsc, tscinvbit, bmi1, bmi2

Memory: 4k page, physical 8283492k(658748k free), swap 8283492k(3912k free)

vm_info: Java HotSpot(TM) 64-Bit Server VM (25.131-b11) for windows-amd64 JRE (1.8.0_131-b11), built on Mar 15 2017 01:23:53 by "java_re" with MS VC++ 10.0 (VS2010)

time: Tue Jul 18 11:53:43 2017
elapsed time: 36 seconds (0d 0h 0m 36s)

